<?xml version="1.0" encoding="UTF-8"?>
<!-- Generated by org.testng.reporters.JUnitReportReporter -->
<testsuite hostname="DESKTOP-ALEB1IN" failures="0" tests="2" name="test.com.itexps.CalculatorTest" time="0.013" errors="0" timestamp="26 Aug 2024 20:37:32 GMT">
  <testcase classname="test.com.itexps.CalculatorTest" name="testAdd" time="0.007"/>
  <testcase classname="test.com.itexps.CalculatorTest" name="testMul" time="0.006"/>
</testsuite> <!-- test.com.itexps.CalculatorTest -->
